<?xml version="1.0" encoding="UTF-8"?>
<!-- Generated by org.testng.reporters.JUnitReportReporter -->
<testsuite hostname="LT062360" name="myIamTest.LoginTest" tests="3" failures="0" timestamp="18 Mar 2019 11:30:57 GMT" time="25.887" errors="0">
  <testcase name="LoginValidation" time="10.037" classname="myIamTest.LoginTest"/>
  <testcase name="Launchtest" time="2.656" classname="myIamTest.LoginTest"/>
  <testcase name="homePageContents" time="13.194" classname="myIamTest.LoginTest"/>
</testsuite> <!-- myIamTest.LoginTest -->
