<?xml version="1.0" encoding="UTF-8"?>
<!-- Generated by org.testng.reporters.JUnitReportReporter -->
<testsuite hostname="LT062360" name="WAFMTest.LoginTest" tests="3" failures="0" timestamp="27 Mar 2019 11:07:41 GMT" time="42.807" errors="0">
  <testcase name="Launchtest" time="1.664" classname="WAFMTest.LoginTest"/>
  <testcase name="homePageContents" time="27.799" classname="WAFMTest.LoginTest"/>
  <testcase name="LoginValidation" time="13.344" classname="WAFMTest.LoginTest"/>
</testsuite> <!-- WAFMTest.LoginTest -->
